Using pre-set license
Built from '2020.3/release' branch; Version is '2020.3.7f1 (dd97f2c94397) revision 14522354'; Using compiler version '192528614'; Build Type 'Release'
OS: 'Windows 10 Education; OS build 19042.1415; Version 2009; 64bit' Language: 'fi' Physical Memory: 7555 MB
BatchMode: 1, IsHumanControllingUs: 0, StartBugReporterOnCrash: 0, Is64bit: 1, IsPro: 0

 COMMAND LINE ARGUMENTS:
C:\Users\kaovanma\Documents\2020.3.7f1\Editor\Unity.exe
-adb2
-batchMode
-noUpm
-name
AssetImportWorker0
-projectPath
C:/Users/kaovanma/Documents/GitHub/CSharpAloitus
-logFile
Logs/AssetImportWorker0.log
-srvPort
50196
Successfully changed project path to: C:/Users/kaovanma/Documents/GitHub/CSharpAloitus
C:/Users/kaovanma/Documents/GitHub/CSharpAloitus
Using Asset Import Pipeline V2.
Refreshing native plugins compatible for Editor in 87.11 ms, found 0 plugins.
Preloading 0 native plugins for Editor in 0.00 ms.
Initialize engine version: 2020.3.7f1 (dd97f2c94397)
[Subsystems] Discovering subsystems at path C:/Users/kaovanma/Documents/2020.3.7f1/Editor/Data/Resources/UnitySubsystems
[Subsystems] Discovering subsystems at path C:/Users/kaovanma/Documents/GitHub/CSharpAloitus/Assets
GfxDevice: creating device client; threaded=0
Direct3D:
    Version:  Direct3D 11.0 [level 11.1]
    Renderer: Intel(R) UHD Graphics 620 (ID=0x5917)
    Vendor:   
    VRAM:     3777 MB
    Driver:   27.20.100.8854
Initialize mono
Mono path[0] = 'C:/Users/kaovanma/Documents/2020.3.7f1/Editor/Data/Managed'
Mono path[1] = 'C:/Users/kaovanma/Documents/2020.3.7f1/Editor/Data/MonoBleedingEdge/lib/mono/unityjit'
Mono config path = 'C:/Users/kaovanma/Documents/2020.3.7f1/Editor/Data/MonoBleedingEdge/etc'
Using monoOptions --debugger-agent=transport=dt_socket,embedding=1,server=y,suspend=n,address=127.0.0.1:56516
Begin MonoManager ReloadAssembly
Registering precompiled unity dll's ...
Register platform support module: C:/Users/kaovanma/Documents/2020.3.7f1/Editor/Data/PlaybackEngines/WebGLSupport/UnityEditor.WebGL.Extensions.dll
Register platform support module: C:/Users/kaovanma/Documents/2020.3.7f1/Editor/Data/PlaybackEngines/WindowsStandaloneSupport/UnityEditor.WindowsStandalone.Extensions.dll
Registered in 0.008443 seconds.
Native extension for WindowsStandalone target not found
Native extension for WebGL target not found
Refreshing native plugins compatible for Editor in 68.49 ms, found 0 plugins.
Preloading 0 native plugins for Editor in 0.00 ms.
Mono: successfully reloaded assembly
- Completed reload, in  5.914 seconds
Platform modules already initialized, skipping
Registering precompiled user dll's ...
Registered in 0.002923 seconds.
Begin MonoManager ReloadAssembly
Native extension for WindowsStandalone target not found
Native extension for WebGL target not found
Refreshing native plugins compatible for Editor in 0.49 ms, found 0 plugins.
Preloading 0 native plugins for Editor in 0.00 ms.
Mono: successfully reloaded assembly
- Completed reload, in  2.766 seconds
Platform modules already initialized, skipping
========================================================================
Worker process is ready to serve import requests
Launched and connected shader compiler UnityShaderCompiler.exe after 0.20 seconds
Refreshing native plugins compatible for Editor in 0.60 ms, found 0 plugins.
Preloading 0 native plugins for Editor in 0.00 ms.
Unloading 1117 Unused Serialized files (Serialized files now loaded: 0)
System memory in use before: 57.1 MB.
System memory in use after: 57.1 MB.

Unloading 9 unused Assets to reduce memory usage. Loaded Objects now: 1561.
Total: 4.903700 ms (FindLiveObjects: 0.291700 ms CreateObjectMapping: 0.096900 ms MarkObjects: 4.373800 ms  DeleteObjects: 0.138100 ms)

========================================================================
Received Import Request.
  path: Assets/Scripts/GameControl.cs
  artifactKey: Guid(a33ec572669ecb548ab720ec6d6e63e3) Importer(815301076,1909f56bfc062723c751e8b465ee728b)
Start importing Assets/Scripts/GameControl.cs using Guid(a33ec572669ecb548ab720ec6d6e63e3) Importer(815301076,1909f56bfc062723c751e8b465ee728b)  -> (artifact id: 'cd60c1a1f19c7f348d928af175fe95e8') in 0.124429 seconds
  Import took 0.131063 seconds .

========================================================================
Received Import Request.
  Time since last request: 0.000776 seconds.
  path: Assets/Scripts/Player.cs
  artifactKey: Guid(0179f31d19825be44b6f508fe98f41e7) Importer(815301076,1909f56bfc062723c751e8b465ee728b)
Start importing Assets/Scripts/Player.cs using Guid(0179f31d19825be44b6f508fe98f41e7) Importer(815301076,1909f56bfc062723c751e8b465ee728b)  -> (artifact id: 'f3b1c3cb2109f562e38519638a1cf012') in 0.054223 seconds
  Import took 0.063335 seconds .

========================================================================
Received Prepare
Registering precompiled user dll's ...
Registered in 0.001167 seconds.
Begin MonoManager ReloadAssembly
Native extension for WindowsStandalone target not found
Native extension for WebGL target not found
Refreshing native plugins compatible for Editor in 0.44 ms, found 0 plugins.
Preloading 0 native plugins for Editor in 0.00 ms.
Mono: successfully reloaded assembly
- Completed reload, in  2.044 seconds
Platform modules already initialized, skipping
Refreshing native plugins compatible for Editor in 0.40 ms, found 0 plugins.
Preloading 0 native plugins for Editor in 0.00 ms.
Unloading 1111 Unused Serialized files (Serialized files now loaded: 0)
System memory in use before: 56.9 MB.
System memory in use after: 57.0 MB.

Unloading 4 unused Assets to reduce memory usage. Loaded Objects now: 1564.
Total: 3.179100 ms (FindLiveObjects: 0.495800 ms CreateObjectMapping: 0.103700 ms MarkObjects: 2.541200 ms  DeleteObjects: 0.034500 ms)

========================================================================
Received Prepare
Registering precompiled user dll's ...
Registered in 0.002918 seconds.
Begin MonoManager ReloadAssembly
Native extension for WindowsStandalone target not found
Native extension for WebGL target not found
Refreshing native plugins compatible for Editor in 0.65 ms, found 0 plugins.
Preloading 0 native plugins for Editor in 0.00 ms.
Mono: successfully reloaded assembly
- Completed reload, in  2.726 seconds
Platform modules already initialized, skipping
Refreshing native plugins compatible for Editor in 0.63 ms, found 0 plugins.
Preloading 0 native plugins for Editor in 0.00 ms.
Unloading 1111 Unused Serialized files (Serialized files now loaded: 0)
System memory in use before: 56.9 MB.
System memory in use after: 57.0 MB.

Unloading 4 unused Assets to reduce memory usage. Loaded Objects now: 1567.
Total: 4.512900 ms (FindLiveObjects: 0.333100 ms CreateObjectMapping: 0.103300 ms MarkObjects: 4.041100 ms  DeleteObjects: 0.033600 ms)

========================================================================
Received Import Request.
  Time since last request: 503.185882 seconds.
  path: Assets/Scenes/Level1
  artifactKey: Guid(69b1feebf4817c24ab2099f7cf71713a) Importer(815301076,1909f56bfc062723c751e8b465ee728b)
Start importing Assets/Scenes/Level1 using Guid(69b1feebf4817c24ab2099f7cf71713a) Importer(815301076,1909f56bfc062723c751e8b465ee728b)  -> (artifact id: 'a376624344b510e78072cd93498a8970') in 0.073963 seconds
  Import took 0.079182 seconds .

========================================================================
Received Import Request.
  Time since last request: 0.000471 seconds.
  path: Assets/Scenes/Level1/LightingData.asset
  artifactKey: Guid(1b231071725d466429237db588ba3b41) Importer(815301076,1909f56bfc062723c751e8b465ee728b)
Start importing Assets/Scenes/Level1/LightingData.asset using Guid(1b231071725d466429237db588ba3b41) Importer(815301076,1909f56bfc062723c751e8b465ee728b)  -> (artifact id: '80102daa97ff33fc78d516d8c7cdf832') in 0.073532 seconds
  Import took 0.079655 seconds .

========================================================================
Received Import Request.
  Time since last request: 0.000515 seconds.
  path: Assets/Scenes/Level1/ReflectionProbe-0.exr
  artifactKey: Guid(58a3bf82f985dd44b8e41147fe4e41dd) Importer(815301076,1909f56bfc062723c751e8b465ee728b)
Start importing Assets/Scenes/Level1/ReflectionProbe-0.exr using Guid(58a3bf82f985dd44b8e41147fe4e41dd) Importer(815301076,1909f56bfc062723c751e8b465ee728b)  -> (artifact id: 'cd379a950c822422263c2567cc6ec8d8') in 0.311249 seconds
  Import took 0.316803 seconds .

AssetImportWorkerClient::OnTransportError - code=2 error=End of file
