Using pre-set license
Built from '2020.3/release' branch; Version is '2020.3.2f1 (8fd9074bf66c) revision 9427207'; Using compiler version '192528614'; Build Type 'Release'
OS: 'Windows 10 Home; OS build 22000.376; Version 2009; 64bit' Language: 'fi' Physical Memory: 32667 MB
BatchMode: 1, IsHumanControllingUs: 0, StartBugReporterOnCrash: 0, Is64bit: 1, IsPro: 0

 COMMAND LINE ARGUMENTS:
C:\Program Files\Unity\Hub\Editor\2020.3.2f1\Editor\Unity.exe
-adb2
-batchMode
-noUpm
-name
AssetImportWorker0
-projectPath
C:/Users/mvann/Documents/_UNITY/CSharpAloitus
-logFile
Logs/AssetImportWorker0.log
-srvPort
54412
Successfully changed project path to: C:/Users/mvann/Documents/_UNITY/CSharpAloitus
C:/Users/mvann/Documents/_UNITY/CSharpAloitus
Using Asset Import Pipeline V2.
Refreshing native plugins compatible for Editor in 24.03 ms, found 0 plugins.
Preloading 0 native plugins for Editor in 0.00 ms.
Initialize engine version: 2020.3.2f1 (8fd9074bf66c)
[Subsystems] Discovering subsystems at path C:/Program Files/Unity/Hub/Editor/2020.3.2f1/Editor/Data/Resources/UnitySubsystems
[Subsystems] Discovering subsystems at path C:/Users/mvann/Documents/_UNITY/CSharpAloitus/Assets
GfxDevice: creating device client; threaded=0
Direct3D:
    Version:  Direct3D 11.0 [level 11.1]
    Renderer: NVIDIA GeForce GTX 1050 (ID=0x1c81)
    Vendor:   
    VRAM:     1977 MB
    Driver:   26.21.14.3107
Initialize mono
Mono path[0] = 'C:/Program Files/Unity/Hub/Editor/2020.3.2f1/Editor/Data/Managed'
Mono path[1] = 'C:/Program Files/Unity/Hub/Editor/2020.3.2f1/Editor/Data/MonoBleedingEdge/lib/mono/unityjit'
Mono config path = 'C:/Program Files/Unity/Hub/Editor/2020.3.2f1/Editor/Data/MonoBleedingEdge/etc'
Using monoOptions --debugger-agent=transport=dt_socket,embedding=1,server=y,suspend=n,address=127.0.0.1:56336
Begin MonoManager ReloadAssembly
Registering precompiled unity dll's ...
Register platform support module: C:/Program Files/Unity/Hub/Editor/2020.3.2f1/Editor/Data/PlaybackEngines/WebGLSupport/UnityEditor.WebGL.Extensions.dll
Register platform support module: C:/Program Files/Unity/Hub/Editor/2020.3.2f1/Editor/Data/PlaybackEngines/WindowsStandaloneSupport/UnityEditor.WindowsStandalone.Extensions.dll
Registered in 0.001772 seconds.
Native extension for WindowsStandalone target not found
Native extension for WebGL target not found
Refreshing native plugins compatible for Editor in 24.69 ms, found 0 plugins.
Preloading 0 native plugins for Editor in 0.00 ms.
Invoked RoslynAnalysisRunner static constructor.
RoslynAnalysisRunner will not be running.
RoslynAnalysisRunner has terminated.
Mono: successfully reloaded assembly
- Completed reload, in  1.236 seconds
Platform modules already initialized, skipping
Registering precompiled user dll's ...
Registered in 0.000636 seconds.
Begin MonoManager ReloadAssembly
Native extension for WindowsStandalone target not found
Native extension for WebGL target not found
Refreshing native plugins compatible for Editor in 0.21 ms, found 0 plugins.
Preloading 0 native plugins for Editor in 0.00 ms.
Invoked RoslynAnalysisRunner static constructor.
RoslynAnalysisRunner will not be running.
RoslynAnalysisRunner has terminated.
Mono: successfully reloaded assembly
- Completed reload, in  0.873 seconds
Platform modules already initialized, skipping
========================================================================
Worker process is ready to serve import requests
Launched and connected shader compiler UnityShaderCompiler.exe after 0.04 seconds
Refreshing native plugins compatible for Editor in 0.19 ms, found 0 plugins.
Preloading 0 native plugins for Editor in 0.00 ms.
Unloading 1117 Unused Serialized files (Serialized files now loaded: 0)
System memory in use before: 57.3 MB.
System memory in use after: 57.3 MB.

Unloading 10 unused Assets to reduce memory usage. Loaded Objects now: 1560.
Total: 1.758900 ms (FindLiveObjects: 0.115100 ms CreateObjectMapping: 0.031500 ms MarkObjects: 1.541200 ms  DeleteObjects: 0.069700 ms)

========================================================================
Received Import Request.
  path: Assets/Scripts/GameControl.cs
  artifactKey: Guid(a33ec572669ecb548ab720ec6d6e63e3) Importer(815301076,1909f56bfc062723c751e8b465ee728b)
Start importing Assets/Scripts/GameControl.cs using Guid(a33ec572669ecb548ab720ec6d6e63e3) Importer(815301076,1909f56bfc062723c751e8b465ee728b)  -> (artifact id: '2a5447d63ef045df765ff7a2ba452428') in 0.027539 seconds
  Import took 0.029493 seconds .

========================================================================
Received Prepare
Refreshing native plugins compatible for Editor in 0.70 ms, found 0 plugins.
Preloading 0 native plugins for Editor in 0.00 ms.
Unloading 3 Unused Serialized files (Serialized files now loaded: 0)
System memory in use before: 35.0 MB.
System memory in use after: 35.1 MB.

Unloading 3 unused Assets to reduce memory usage. Loaded Objects now: 1560.
Total: 1.935600 ms (FindLiveObjects: 0.124200 ms CreateObjectMapping: 0.030700 ms MarkObjects: 1.737500 ms  DeleteObjects: 0.042300 ms)

========================================================================
Received Import Request.
  Time since last request: 211.068011 seconds.
  path: Assets/Scenes/Level1.unity
  artifactKey: Guid(6066fdb33f8011540a22c14255401126) Importer(815301076,1909f56bfc062723c751e8b465ee728b)
Start importing Assets/Scenes/Level1.unity using Guid(6066fdb33f8011540a22c14255401126) Importer(815301076,1909f56bfc062723c751e8b465ee728b)  -> (artifact id: '1a93f16e818fa053117f3dec2d88f17d') in 0.015975 seconds
  Import took 0.017941 seconds .

========================================================================
Received Import Request.
  Time since last request: 1291.245719 seconds.
  path: Assets/MySprites/you-lose.jpg
  artifactKey: Guid(cb5d770c8564b964ab9d962d6ab371a0) Importer(815301076,1909f56bfc062723c751e8b465ee728b)
Start importing Assets/MySprites/you-lose.jpg using Guid(cb5d770c8564b964ab9d962d6ab371a0) Importer(815301076,1909f56bfc062723c751e8b465ee728b)  -> (artifact id: '07eb9f00b7d860295885606f5a2b88a7') in 0.091573 seconds
  Import took 0.093785 seconds .

========================================================================
Received Import Request.
  Time since last request: 600.701440 seconds.
  path: Assets/MySprites/karkit.png
  artifactKey: Guid(41b617813b45b0d4aacd4b13902bb891) Importer(815301076,1909f56bfc062723c751e8b465ee728b)
Start importing Assets/MySprites/karkit.png using Guid(41b617813b45b0d4aacd4b13902bb891) Importer(815301076,1909f56bfc062723c751e8b465ee728b)  -> (artifact id: 'bd2815eb004f3de6dbe0f4964935b231') in 0.052777 seconds
  Import took 0.055312 seconds .

========================================================================
Received Import Request.
  Time since last request: 37.499655 seconds.
  path: Assets/MySprites/karkit.png
  artifactKey: Guid(41b617813b45b0d4aacd4b13902bb891) Importer(815301076,1909f56bfc062723c751e8b465ee728b)
Start importing Assets/MySprites/karkit.png using Guid(41b617813b45b0d4aacd4b13902bb891) Importer(815301076,1909f56bfc062723c751e8b465ee728b)  -> (artifact id: '1d4732bab8d88a92c627e3f83c64f825') in 0.032004 seconds
  Import took 0.033887 seconds .

========================================================================
Received Prepare
Registering precompiled user dll's ...
Registered in 0.000558 seconds.
Begin MonoManager ReloadAssembly
Native extension for WindowsStandalone target not found
Native extension for WebGL target not found
Refreshing native plugins compatible for Editor in 0.21 ms, found 0 plugins.
Preloading 0 native plugins for Editor in 0.00 ms.
Invoked RoslynAnalysisRunner static constructor.
RoslynAnalysisRunner will not be running.
RoslynAnalysisRunner has terminated.
Mono: successfully reloaded assembly
- Completed reload, in  0.756 seconds
Platform modules already initialized, skipping
Refreshing native plugins compatible for Editor in 0.23 ms, found 0 plugins.
Preloading 0 native plugins for Editor in 0.00 ms.
Unloading 1146 Unused Serialized files (Serialized files now loaded: 0)
System memory in use before: 61.4 MB.
System memory in use after: 61.4 MB.

Unloading 5 unused Assets to reduce memory usage. Loaded Objects now: 1605.
Total: 1.619200 ms (FindLiveObjects: 0.124400 ms CreateObjectMapping: 0.030100 ms MarkObjects: 1.403400 ms  DeleteObjects: 0.060200 ms)

========================================================================
Received Import Request.
  Time since last request: 158.066658 seconds.
  path: Assets/MySprites/karkit.png
  artifactKey: Guid(41b617813b45b0d4aacd4b13902bb891) Importer(815301076,1909f56bfc062723c751e8b465ee728b)
Start importing Assets/MySprites/karkit.png using Guid(41b617813b45b0d4aacd4b13902bb891) Importer(815301076,1909f56bfc062723c751e8b465ee728b)  -> (artifact id: '7742a231a6b7eff595610f992cf84862') in 0.109994 seconds
  Import took 0.111911 seconds .

========================================================================
Received Prepare
Registering precompiled user dll's ...
Registered in 0.000599 seconds.
Begin MonoManager ReloadAssembly
Native extension for WindowsStandalone target not found
Native extension for WebGL target not found
Refreshing native plugins compatible for Editor in 0.26 ms, found 0 plugins.
Preloading 0 native plugins for Editor in 0.00 ms.
Invoked RoslynAnalysisRunner static constructor.
RoslynAnalysisRunner will not be running.
RoslynAnalysisRunner has terminated.
Mono: successfully reloaded assembly
- Completed reload, in  0.798 seconds
Platform modules already initialized, skipping
Refreshing native plugins compatible for Editor in 0.19 ms, found 0 plugins.
Preloading 0 native plugins for Editor in 0.00 ms.
Unloading 1146 Unused Serialized files (Serialized files now loaded: 0)
System memory in use before: 61.4 MB.
System memory in use after: 61.5 MB.

Unloading 5 unused Assets to reduce memory usage. Loaded Objects now: 1629.
Total: 2.097500 ms (FindLiveObjects: 0.187300 ms CreateObjectMapping: 0.047900 ms MarkObjects: 1.803800 ms  DeleteObjects: 0.056400 ms)

========================================================================
Received Import Request.
  Time since last request: 481.482277 seconds.
  path: Assets/Scripts/GameControl.cs
  artifactKey: Guid(a33ec572669ecb548ab720ec6d6e63e3) Importer(815301076,1909f56bfc062723c751e8b465ee728b)
Start importing Assets/Scripts/GameControl.cs using Guid(a33ec572669ecb548ab720ec6d6e63e3) Importer(815301076,1909f56bfc062723c751e8b465ee728b)  -> (artifact id: '7dda731b5b0520fdad4e0763ddce06ef') in 0.009503 seconds
  Import took 0.011391 seconds .

========================================================================
Received Prepare
Registering precompiled user dll's ...
Registered in 0.000571 seconds.
Begin MonoManager ReloadAssembly
Native extension for WindowsStandalone target not found
Native extension for WebGL target not found
Refreshing native plugins compatible for Editor in 0.22 ms, found 0 plugins.
Preloading 0 native plugins for Editor in 0.00 ms.
Invoked RoslynAnalysisRunner static constructor.
RoslynAnalysisRunner will not be running.
RoslynAnalysisRunner has terminated.
Mono: successfully reloaded assembly
- Completed reload, in  0.765 seconds
Platform modules already initialized, skipping
Refreshing native plugins compatible for Editor in 0.22 ms, found 0 plugins.
Preloading 0 native plugins for Editor in 0.00 ms.
Unloading 1146 Unused Serialized files (Serialized files now loaded: 0)
System memory in use before: 61.4 MB.
System memory in use after: 61.5 MB.

Unloading 5 unused Assets to reduce memory usage. Loaded Objects now: 1632.
Total: 2.074800 ms (FindLiveObjects: 0.164200 ms CreateObjectMapping: 0.037600 ms MarkObjects: 1.810800 ms  DeleteObjects: 0.060800 ms)

========================================================================
Received Prepare
Registering precompiled user dll's ...
Registered in 0.000623 seconds.
Begin MonoManager ReloadAssembly
Native extension for WindowsStandalone target not found
Native extension for WebGL target not found
Refreshing native plugins compatible for Editor in 0.21 ms, found 0 plugins.
Preloading 0 native plugins for Editor in 0.00 ms.
Invoked RoslynAnalysisRunner static constructor.
RoslynAnalysisRunner will not be running.
RoslynAnalysisRunner has terminated.
Mono: successfully reloaded assembly
- Completed reload, in  0.738 seconds
Platform modules already initialized, skipping
Refreshing native plugins compatible for Editor in 0.24 ms, found 0 plugins.
Preloading 0 native plugins for Editor in 0.00 ms.
Unloading 1146 Unused Serialized files (Serialized files now loaded: 0)
System memory in use before: 61.4 MB.
System memory in use after: 61.5 MB.

Unloading 5 unused Assets to reduce memory usage. Loaded Objects now: 1635.
Total: 1.586700 ms (FindLiveObjects: 0.130400 ms CreateObjectMapping: 0.034100 ms MarkObjects: 1.377700 ms  DeleteObjects: 0.043400 ms)

========================================================================
Received Prepare
Registering precompiled user dll's ...
Registered in 0.000812 seconds.
Begin MonoManager ReloadAssembly
Native extension for WindowsStandalone target not found
Native extension for WebGL target not found
Refreshing native plugins compatible for Editor in 0.20 ms, found 0 plugins.
Preloading 0 native plugins for Editor in 0.00 ms.
Invoked RoslynAnalysisRunner static constructor.
RoslynAnalysisRunner will not be running.
RoslynAnalysisRunner has terminated.
Mono: successfully reloaded assembly
- Completed reload, in  0.782 seconds
Platform modules already initialized, skipping
Refreshing native plugins compatible for Editor in 0.21 ms, found 0 plugins.
Preloading 0 native plugins for Editor in 0.00 ms.
Unloading 1146 Unused Serialized files (Serialized files now loaded: 0)
System memory in use before: 61.4 MB.
System memory in use after: 61.5 MB.

Unloading 5 unused Assets to reduce memory usage. Loaded Objects now: 1638.
Total: 3.533300 ms (FindLiveObjects: 0.241200 ms CreateObjectMapping: 0.071200 ms MarkObjects: 3.097500 ms  DeleteObjects: 0.120700 ms)

========================================================================
Received Prepare
Registering precompiled user dll's ...
Registered in 0.000518 seconds.
Begin MonoManager ReloadAssembly
Native extension for WindowsStandalone target not found
Native extension for WebGL target not found
Refreshing native plugins compatible for Editor in 0.22 ms, found 0 plugins.
Preloading 0 native plugins for Editor in 0.00 ms.
Invoked RoslynAnalysisRunner static constructor.
RoslynAnalysisRunner will not be running.
RoslynAnalysisRunner has terminated.
Mono: successfully reloaded assembly
- Completed reload, in  0.785 seconds
Platform modules already initialized, skipping
Refreshing native plugins compatible for Editor in 0.20 ms, found 0 plugins.
Preloading 0 native plugins for Editor in 0.00 ms.
Unloading 1146 Unused Serialized files (Serialized files now loaded: 0)
System memory in use before: 61.4 MB.
System memory in use after: 61.5 MB.

Unloading 5 unused Assets to reduce memory usage. Loaded Objects now: 1641.
Total: 2.164900 ms (FindLiveObjects: 0.194800 ms CreateObjectMapping: 0.055000 ms MarkObjects: 1.832100 ms  DeleteObjects: 0.081300 ms)

========================================================================
Received Import Request.
  Time since last request: 3251.337531 seconds.
  path: Assets/MySprites/heart.png
  artifactKey: Guid(d3f29cc55b8b12d40955f93445ff82ca) Importer(815301076,1909f56bfc062723c751e8b465ee728b)
Start importing Assets/MySprites/heart.png using Guid(d3f29cc55b8b12d40955f93445ff82ca) Importer(815301076,1909f56bfc062723c751e8b465ee728b)  -> (artifact id: 'a19f14b23d8a780ba5f1090982cc6f66') in 0.047309 seconds
  Import took 0.050093 seconds .

========================================================================
Received Import Request.
  Time since last request: 9.844130 seconds.
  path: Assets/MySprites/heart.png
  artifactKey: Guid(d3f29cc55b8b12d40955f93445ff82ca) Importer(815301076,1909f56bfc062723c751e8b465ee728b)
Start importing Assets/MySprites/heart.png using Guid(d3f29cc55b8b12d40955f93445ff82ca) Importer(815301076,1909f56bfc062723c751e8b465ee728b)  -> (artifact id: 'd4f8edcc0e3b7c337345654cbbe534ca') in 0.034624 seconds
  Import took 0.036741 seconds .

========================================================================
Received Prepare
Registering precompiled user dll's ...
Registered in 0.000634 seconds.
Begin MonoManager ReloadAssembly
Native extension for WindowsStandalone target not found
Native extension for WebGL target not found
Refreshing native plugins compatible for Editor in 0.22 ms, found 0 plugins.
Preloading 0 native plugins for Editor in 0.00 ms.
Invoked RoslynAnalysisRunner static constructor.
RoslynAnalysisRunner will not be running.
RoslynAnalysisRunner has terminated.
Mono: successfully reloaded assembly
- Completed reload, in  0.787 seconds
Platform modules already initialized, skipping
Refreshing native plugins compatible for Editor in 0.20 ms, found 0 plugins.
Preloading 0 native plugins for Editor in 0.00 ms.
Unloading 1146 Unused Serialized files (Serialized files now loaded: 0)
System memory in use before: 61.5 MB.
System memory in use after: 61.5 MB.

Unloading 5 unused Assets to reduce memory usage. Loaded Objects now: 1647.
Total: 2.771400 ms (FindLiveObjects: 0.179500 ms CreateObjectMapping: 0.035400 ms MarkObjects: 2.496300 ms  DeleteObjects: 0.058500 ms)

========================================================================
Received Prepare
Registering precompiled user dll's ...
Registered in 0.000624 seconds.
Begin MonoManager ReloadAssembly
Native extension for WindowsStandalone target not found
Native extension for WebGL target not found
Refreshing native plugins compatible for Editor in 0.21 ms, found 0 plugins.
Preloading 0 native plugins for Editor in 0.00 ms.
Invoked RoslynAnalysisRunner static constructor.
RoslynAnalysisRunner will not be running.
RoslynAnalysisRunner has terminated.
Mono: successfully reloaded assembly
- Completed reload, in  0.761 seconds
Platform modules already initialized, skipping
Refreshing native plugins compatible for Editor in 0.19 ms, found 0 plugins.
Preloading 0 native plugins for Editor in 0.00 ms.
Unloading 1146 Unused Serialized files (Serialized files now loaded: 0)
System memory in use before: 61.5 MB.
System memory in use after: 61.5 MB.

Unloading 5 unused Assets to reduce memory usage. Loaded Objects now: 1650.
Total: 1.611900 ms (FindLiveObjects: 0.139100 ms CreateObjectMapping: 0.036300 ms MarkObjects: 1.387700 ms  DeleteObjects: 0.047800 ms)

========================================================================
Received Prepare
Registering precompiled user dll's ...
Registered in 0.000573 seconds.
Begin MonoManager ReloadAssembly
Native extension for WindowsStandalone target not found
Native extension for WebGL target not found
Refreshing native plugins compatible for Editor in 0.22 ms, found 0 plugins.
Preloading 0 native plugins for Editor in 0.00 ms.
Invoked RoslynAnalysisRunner static constructor.
RoslynAnalysisRunner will not be running.
RoslynAnalysisRunner has terminated.
Mono: successfully reloaded assembly
- Completed reload, in  0.775 seconds
Platform modules already initialized, skipping
Refreshing native plugins compatible for Editor in 0.26 ms, found 0 plugins.
Preloading 0 native plugins for Editor in 0.00 ms.
Unloading 1146 Unused Serialized files (Serialized files now loaded: 0)
System memory in use before: 61.5 MB.
System memory in use after: 61.5 MB.

Unloading 5 unused Assets to reduce memory usage. Loaded Objects now: 1653.
Total: 1.780600 ms (FindLiveObjects: 0.135500 ms CreateObjectMapping: 0.036000 ms MarkObjects: 1.553600 ms  DeleteObjects: 0.054200 ms)

========================================================================
Received Prepare
Registering precompiled user dll's ...
Registered in 0.000532 seconds.
Begin MonoManager ReloadAssembly
Native extension for WindowsStandalone target not found
Native extension for WebGL target not found
Refreshing native plugins compatible for Editor in 0.23 ms, found 0 plugins.
Preloading 0 native plugins for Editor in 0.00 ms.
Invoked RoslynAnalysisRunner static constructor.
RoslynAnalysisRunner will not be running.
RoslynAnalysisRunner has terminated.
Mono: successfully reloaded assembly
- Completed reload, in  0.757 seconds
Platform modules already initialized, skipping
Refreshing native plugins compatible for Editor in 0.20 ms, found 0 plugins.
Preloading 0 native plugins for Editor in 0.00 ms.
Unloading 1146 Unused Serialized files (Serialized files now loaded: 0)
System memory in use before: 61.5 MB.
System memory in use after: 61.5 MB.

Unloading 5 unused Assets to reduce memory usage. Loaded Objects now: 1656.
Total: 4.338100 ms (FindLiveObjects: 0.298900 ms CreateObjectMapping: 0.095100 ms MarkObjects: 3.828200 ms  DeleteObjects: 0.113000 ms)

========================================================================
Received Prepare
Registering precompiled user dll's ...
Registered in 0.000586 seconds.
Begin MonoManager ReloadAssembly
Native extension for WindowsStandalone target not found
Native extension for WebGL target not found
Refreshing native plugins compatible for Editor in 0.20 ms, found 0 plugins.
Preloading 0 native plugins for Editor in 0.00 ms.
Invoked RoslynAnalysisRunner static constructor.
RoslynAnalysisRunner will not be running.
RoslynAnalysisRunner has terminated.
Mono: successfully reloaded assembly
- Completed reload, in  0.731 seconds
Platform modules already initialized, skipping
Refreshing native plugins compatible for Editor in 0.20 ms, found 0 plugins.
Preloading 0 native plugins for Editor in 0.00 ms.
Unloading 1146 Unused Serialized files (Serialized files now loaded: 0)
System memory in use before: 61.5 MB.
System memory in use after: 61.5 MB.

Unloading 5 unused Assets to reduce memory usage. Loaded Objects now: 1659.
Total: 1.645800 ms (FindLiveObjects: 0.141600 ms CreateObjectMapping: 0.038000 ms MarkObjects: 1.412500 ms  DeleteObjects: 0.052200 ms)

========================================================================
Received Import Request.
  Time since last request: 3647.307019 seconds.
  path: Assets/Scenes/Level2.unity
  artifactKey: Guid(c1571759ad6613a41a43dc8e1e46881f) Importer(815301076,1909f56bfc062723c751e8b465ee728b)
Start importing Assets/Scenes/Level2.unity using Guid(c1571759ad6613a41a43dc8e1e46881f) Importer(815301076,1909f56bfc062723c751e8b465ee728b)  -> (artifact id: '1bb1273952b0aff6256aef5d0ab0dff8') in 0.014601 seconds
  Import took 0.016450 seconds .

========================================================================
Received Import Request.
  Time since last request: 14.006265 seconds.
  path: Assets/Scenes/Level1.unity
  artifactKey: Guid(6066fdb33f8011540a22c14255401126) Importer(815301076,1909f56bfc062723c751e8b465ee728b)
Start importing Assets/Scenes/Level1.unity using Guid(6066fdb33f8011540a22c14255401126) Importer(815301076,1909f56bfc062723c751e8b465ee728b)  -> (artifact id: '52f087d4714e7eae36d74fd3f043c86e') in 0.009396 seconds
  Import took 0.011915 seconds .

========================================================================
Received Prepare
Registering precompiled user dll's ...
Registered in 0.000655 seconds.
Begin MonoManager ReloadAssembly
Native extension for WindowsStandalone target not found
Native extension for WebGL target not found
Refreshing native plugins compatible for Editor in 0.23 ms, found 0 plugins.
Preloading 0 native plugins for Editor in 0.00 ms.
Invoked RoslynAnalysisRunner static constructor.
RoslynAnalysisRunner will not be running.
RoslynAnalysisRunner has terminated.
Mono: successfully reloaded assembly
- Completed reload, in  0.768 seconds
Platform modules already initialized, skipping
Refreshing native plugins compatible for Editor in 0.19 ms, found 0 plugins.
Preloading 0 native plugins for Editor in 0.00 ms.
Unloading 1146 Unused Serialized files (Serialized files now loaded: 0)
System memory in use before: 61.5 MB.
System memory in use after: 61.6 MB.

Unloading 5 unused Assets to reduce memory usage. Loaded Objects now: 1662.
Total: 1.408800 ms (FindLiveObjects: 0.113500 ms CreateObjectMapping: 0.031900 ms MarkObjects: 1.223400 ms  DeleteObjects: 0.039200 ms)

========================================================================
Received Import Request.
  Time since last request: 29.751363 seconds.
  path: Assets/Scenes/Win.unity
  artifactKey: Guid(69d9303bc83407d468effa77aa1bc5b2) Importer(815301076,1909f56bfc062723c751e8b465ee728b)
Start importing Assets/Scenes/Win.unity using Guid(69d9303bc83407d468effa77aa1bc5b2) Importer(815301076,1909f56bfc062723c751e8b465ee728b)  -> (artifact id: 'd52c18c46903476866ed8c23c2628fc6') in 0.032041 seconds
  Import took 0.039214 seconds .

========================================================================
Received Import Request.
  Time since last request: 10.486951 seconds.
  path: Assets/Scenes/Level2old.unity
  artifactKey: Guid(c1571759ad6613a41a43dc8e1e46881f) Importer(815301076,1909f56bfc062723c751e8b465ee728b)
Start importing Assets/Scenes/Level2old.unity using Guid(c1571759ad6613a41a43dc8e1e46881f) Importer(815301076,1909f56bfc062723c751e8b465ee728b)  -> (artifact id: '761bca09467046c7b566c08957711781') in 0.009937 seconds
  Import took 0.011843 seconds .

========================================================================
Received Import Request.
  Time since last request: 35.871027 seconds.
  path: Assets/Scenes/Level1 1.unity
  artifactKey: Guid(9e07b2ad90150a243a78f5cecc86c37b) Importer(815301076,1909f56bfc062723c751e8b465ee728b)
Start importing Assets/Scenes/Level1 1.unity using Guid(9e07b2ad90150a243a78f5cecc86c37b) Importer(815301076,1909f56bfc062723c751e8b465ee728b)  -> (artifact id: 'a9f578245de51fc821ba0f3d62c3a91c') in 0.007911 seconds
  Import took 0.009702 seconds .

========================================================================
Received Import Request.
  Time since last request: 28.156808 seconds.
  path: Assets/Scenes/Level2.unity
  artifactKey: Guid(9e07b2ad90150a243a78f5cecc86c37b) Importer(815301076,1909f56bfc062723c751e8b465ee728b)
Start importing Assets/Scenes/Level2.unity using Guid(9e07b2ad90150a243a78f5cecc86c37b) Importer(815301076,1909f56bfc062723c751e8b465ee728b)  -> (artifact id: '694087598c7d33ea9d4e8159a8a66793') in 0.004654 seconds
  Import took 0.006637 seconds .

========================================================================
Received Prepare
Registering precompiled user dll's ...
Registered in 0.000566 seconds.
Begin MonoManager ReloadAssembly
Native extension for WindowsStandalone target not found
Native extension for WebGL target not found
Refreshing native plugins compatible for Editor in 0.20 ms, found 0 plugins.
Preloading 0 native plugins for Editor in 0.00 ms.
Invoked RoslynAnalysisRunner static constructor.
RoslynAnalysisRunner will not be running.
RoslynAnalysisRunner has terminated.
Mono: successfully reloaded assembly
- Completed reload, in  0.741 seconds
Platform modules already initialized, skipping
Refreshing native plugins compatible for Editor in 0.19 ms, found 0 plugins.
Preloading 0 native plugins for Editor in 0.00 ms.
Unloading 1146 Unused Serialized files (Serialized files now loaded: 0)
System memory in use before: 61.5 MB.
System memory in use after: 61.6 MB.

Unloading 5 unused Assets to reduce memory usage. Loaded Objects now: 1665.
Total: 4.094200 ms (FindLiveObjects: 0.299500 ms CreateObjectMapping: 0.096900 ms MarkObjects: 3.604400 ms  DeleteObjects: 0.091200 ms)

========================================================================
Received Import Request.
  Time since last request: 215.905027 seconds.
  path: Assets/Scenes/Level2.unity
  artifactKey: Guid(9e07b2ad90150a243a78f5cecc86c37b) Importer(815301076,1909f56bfc062723c751e8b465ee728b)
Start importing Assets/Scenes/Level2.unity using Guid(9e07b2ad90150a243a78f5cecc86c37b) Importer(815301076,1909f56bfc062723c751e8b465ee728b)  -> (artifact id: 'f9ca7027c89c866f40ce7abee25dc928') in 0.012378 seconds
  Import took 0.014166 seconds .

========================================================================
Received Import Request.
  Time since last request: 32.147487 seconds.
  path: Assets/Scenes/Level1.unity
  artifactKey: Guid(6066fdb33f8011540a22c14255401126) Importer(815301076,1909f56bfc062723c751e8b465ee728b)
Start importing Assets/Scenes/Level1.unity using Guid(6066fdb33f8011540a22c14255401126) Importer(815301076,1909f56bfc062723c751e8b465ee728b)  -> (artifact id: '8ddda802f052b7e15d36b6817f34bc1b') in 0.007969 seconds
  Import took 0.011267 seconds .

========================================================================
Received Prepare
Registering precompiled user dll's ...
Registered in 0.000617 seconds.
Begin MonoManager ReloadAssembly
Native extension for WindowsStandalone target not found
Native extension for WebGL target not found
Refreshing native plugins compatible for Editor in 0.21 ms, found 0 plugins.
Preloading 0 native plugins for Editor in 0.00 ms.
Invoked RoslynAnalysisRunner static constructor.
RoslynAnalysisRunner will not be running.
RoslynAnalysisRunner has terminated.
Mono: successfully reloaded assembly
- Completed reload, in  0.736 seconds
Platform modules already initialized, skipping
Refreshing native plugins compatible for Editor in 0.20 ms, found 0 plugins.
Preloading 0 native plugins for Editor in 0.00 ms.
Unloading 1146 Unused Serialized files (Serialized files now loaded: 0)
System memory in use before: 61.5 MB.
System memory in use after: 61.6 MB.

Unloading 5 unused Assets to reduce memory usage. Loaded Objects now: 1668.
Total: 1.622700 ms (FindLiveObjects: 0.130300 ms CreateObjectMapping: 0.033200 ms MarkObjects: 1.411800 ms  DeleteObjects: 0.046400 ms)

========================================================================
Received Prepare
Registering precompiled user dll's ...
Registered in 0.000564 seconds.
Begin MonoManager ReloadAssembly
Native extension for WindowsStandalone target not found
Native extension for WebGL target not found
Refreshing native plugins compatible for Editor in 0.20 ms, found 0 plugins.
Preloading 0 native plugins for Editor in 0.00 ms.
Invoked RoslynAnalysisRunner static constructor.
RoslynAnalysisRunner will not be running.
RoslynAnalysisRunner has terminated.
Mono: successfully reloaded assembly
- Completed reload, in  0.740 seconds
Platform modules already initialized, skipping
Refreshing native plugins compatible for Editor in 0.19 ms, found 0 plugins.
Preloading 0 native plugins for Editor in 0.00 ms.
Unloading 1146 Unused Serialized files (Serialized files now loaded: 0)
System memory in use before: 61.5 MB.
System memory in use after: 61.6 MB.

Unloading 5 unused Assets to reduce memory usage. Loaded Objects now: 1671.
Total: 1.590900 ms (FindLiveObjects: 0.127500 ms CreateObjectMapping: 0.035300 ms MarkObjects: 1.379500 ms  DeleteObjects: 0.047400 ms)

========================================================================
Received Prepare
Registering precompiled user dll's ...
Registered in 0.000565 seconds.
Begin MonoManager ReloadAssembly
Native extension for WindowsStandalone target not found
Native extension for WebGL target not found
Refreshing native plugins compatible for Editor in 0.23 ms, found 0 plugins.
Preloading 0 native plugins for Editor in 0.00 ms.
Invoked RoslynAnalysisRunner static constructor.
RoslynAnalysisRunner will not be running.
RoslynAnalysisRunner has terminated.
Mono: successfully reloaded assembly
- Completed reload, in  0.733 seconds
Platform modules already initialized, skipping
Refreshing native plugins compatible for Editor in 0.21 ms, found 0 plugins.
Preloading 0 native plugins for Editor in 0.00 ms.
Unloading 1146 Unused Serialized files (Serialized files now loaded: 0)
System memory in use before: 61.5 MB.
System memory in use after: 61.6 MB.

Unloading 5 unused Assets to reduce memory usage. Loaded Objects now: 1674.
Total: 1.703700 ms (FindLiveObjects: 0.138300 ms CreateObjectMapping: 0.035500 ms MarkObjects: 1.480000 ms  DeleteObjects: 0.048400 ms)

========================================================================
Received Prepare
Registering precompiled user dll's ...
Registered in 0.000615 seconds.
Begin MonoManager ReloadAssembly
Native extension for WindowsStandalone target not found
Native extension for WebGL target not found
Refreshing native plugins compatible for Editor in 0.20 ms, found 0 plugins.
Preloading 0 native plugins for Editor in 0.00 ms.
Invoked RoslynAnalysisRunner static constructor.
RoslynAnalysisRunner will not be running.
RoslynAnalysisRunner has terminated.
Mono: successfully reloaded assembly
- Completed reload, in  0.751 seconds
Platform modules already initialized, skipping
Refreshing native plugins compatible for Editor in 0.20 ms, found 0 plugins.
Preloading 0 native plugins for Editor in 0.00 ms.
Unloading 1146 Unused Serialized files (Serialized files now loaded: 0)
System memory in use before: 61.5 MB.
System memory in use after: 61.6 MB.

Unloading 5 unused Assets to reduce memory usage. Loaded Objects now: 1677.
Total: 1.704200 ms (FindLiveObjects: 0.141400 ms CreateObjectMapping: 0.038700 ms MarkObjects: 1.477900 ms  DeleteObjects: 0.045200 ms)

========================================================================
Received Prepare
Registering precompiled user dll's ...
Registered in 0.000532 seconds.
Begin MonoManager ReloadAssembly
Native extension for WindowsStandalone target not found
Native extension for WebGL target not found
Refreshing native plugins compatible for Editor in 0.20 ms, found 0 plugins.
Preloading 0 native plugins for Editor in 0.00 ms.
Invoked RoslynAnalysisRunner static constructor.
RoslynAnalysisRunner will not be running.
RoslynAnalysisRunner has terminated.
Mono: successfully reloaded assembly
- Completed reload, in  0.734 seconds
Platform modules already initialized, skipping
Refreshing native plugins compatible for Editor in 0.19 ms, found 0 plugins.
Preloading 0 native plugins for Editor in 0.00 ms.
Unloading 1146 Unused Serialized files (Serialized files now loaded: 0)
System memory in use before: 61.6 MB.
System memory in use after: 61.6 MB.

Unloading 5 unused Assets to reduce memory usage. Loaded Objects now: 1680.
Total: 1.842700 ms (FindLiveObjects: 0.131400 ms CreateObjectMapping: 0.037200 ms MarkObjects: 1.627100 ms  DeleteObjects: 0.045900 ms)

========================================================================
Received Prepare
Registering precompiled user dll's ...
Registered in 0.000569 seconds.
Begin MonoManager ReloadAssembly
Native extension for WindowsStandalone target not found
Native extension for WebGL target not found
Refreshing native plugins compatible for Editor in 0.22 ms, found 0 plugins.
Preloading 0 native plugins for Editor in 0.00 ms.
Invoked RoslynAnalysisRunner static constructor.
RoslynAnalysisRunner will not be running.
RoslynAnalysisRunner has terminated.
Mono: successfully reloaded assembly
- Completed reload, in  0.745 seconds
Platform modules already initialized, skipping
Refreshing native plugins compatible for Editor in 0.21 ms, found 0 plugins.
Preloading 0 native plugins for Editor in 0.00 ms.
Unloading 1146 Unused Serialized files (Serialized files now loaded: 0)
System memory in use before: 61.6 MB.
System memory in use after: 61.6 MB.

Unloading 5 unused Assets to reduce memory usage. Loaded Objects now: 1683.
Total: 1.664000 ms (FindLiveObjects: 0.179000 ms CreateObjectMapping: 0.041900 ms MarkObjects: 1.393400 ms  DeleteObjects: 0.048500 ms)

========================================================================
Received Prepare
Registering precompiled user dll's ...
Registered in 0.000568 seconds.
Begin MonoManager ReloadAssembly
Native extension for WindowsStandalone target not found
Native extension for WebGL target not found
Refreshing native plugins compatible for Editor in 0.20 ms, found 0 plugins.
Preloading 0 native plugins for Editor in 0.00 ms.
Invoked RoslynAnalysisRunner static constructor.
RoslynAnalysisRunner will not be running.
RoslynAnalysisRunner has terminated.
Mono: successfully reloaded assembly
- Completed reload, in  0.729 seconds
Platform modules already initialized, skipping
Refreshing native plugins compatible for Editor in 0.19 ms, found 0 plugins.
Preloading 0 native plugins for Editor in 0.00 ms.
Unloading 1146 Unused Serialized files (Serialized files now loaded: 0)
System memory in use before: 61.6 MB.
System memory in use after: 61.6 MB.

Unloading 5 unused Assets to reduce memory usage. Loaded Objects now: 1686.
Total: 1.538900 ms (FindLiveObjects: 0.120300 ms CreateObjectMapping: 0.031300 ms MarkObjects: 1.342700 ms  DeleteObjects: 0.043800 ms)

========================================================================
Received Prepare
Registering precompiled user dll's ...
Registered in 0.000644 seconds.
Begin MonoManager ReloadAssembly
Native extension for WindowsStandalone target not found
Native extension for WebGL target not found
Refreshing native plugins compatible for Editor in 0.20 ms, found 0 plugins.
Preloading 0 native plugins for Editor in 0.00 ms.
Invoked RoslynAnalysisRunner static constructor.
RoslynAnalysisRunner will not be running.
RoslynAnalysisRunner has terminated.
Mono: successfully reloaded assembly
- Completed reload, in  0.732 seconds
Platform modules already initialized, skipping
Refreshing native plugins compatible for Editor in 0.20 ms, found 0 plugins.
Preloading 0 native plugins for Editor in 0.00 ms.
Unloading 1146 Unused Serialized files (Serialized files now loaded: 0)
System memory in use before: 61.6 MB.
System memory in use after: 61.6 MB.

Unloading 5 unused Assets to reduce memory usage. Loaded Objects now: 1689.
Total: 1.555000 ms (FindLiveObjects: 0.180300 ms CreateObjectMapping: 0.040100 ms MarkObjects: 1.290500 ms  DeleteObjects: 0.043300 ms)

========================================================================
Received Prepare
Registering precompiled user dll's ...
Registered in 0.000613 seconds.
Begin MonoManager ReloadAssembly
Native extension for WindowsStandalone target not found
Native extension for WebGL target not found
Refreshing native plugins compatible for Editor in 0.20 ms, found 0 plugins.
Preloading 0 native plugins for Editor in 0.00 ms.
Invoked RoslynAnalysisRunner static constructor.
RoslynAnalysisRunner will not be running.
RoslynAnalysisRunner has terminated.
Mono: successfully reloaded assembly
- Completed reload, in  0.722 seconds
Platform modules already initialized, skipping
Refreshing native plugins compatible for Editor in 0.20 ms, found 0 plugins.
Preloading 0 native plugins for Editor in 0.00 ms.
Unloading 1146 Unused Serialized files (Serialized files now loaded: 0)
System memory in use before: 61.6 MB.
System memory in use after: 61.7 MB.

Unloading 5 unused Assets to reduce memory usage. Loaded Objects now: 1692.
Total: 1.558700 ms (FindLiveObjects: 0.177000 ms CreateObjectMapping: 0.036700 ms MarkObjects: 1.297200 ms  DeleteObjects: 0.046800 ms)

========================================================================
Received Prepare
Registering precompiled user dll's ...
Registered in 0.000603 seconds.
Begin MonoManager ReloadAssembly
Native extension for WindowsStandalone target not found
Native extension for WebGL target not found
Refreshing native plugins compatible for Editor in 0.20 ms, found 0 plugins.
Preloading 0 native plugins for Editor in 0.00 ms.
Invoked RoslynAnalysisRunner static constructor.
RoslynAnalysisRunner will not be running.
RoslynAnalysisRunner has terminated.
Mono: successfully reloaded assembly
- Completed reload, in  0.737 seconds
Platform modules already initialized, skipping
Refreshing native plugins compatible for Editor in 0.20 ms, found 0 plugins.
Preloading 0 native plugins for Editor in 0.00 ms.
Unloading 1146 Unused Serialized files (Serialized files now loaded: 0)
System memory in use before: 61.6 MB.
System memory in use after: 61.7 MB.

Unloading 5 unused Assets to reduce memory usage. Loaded Objects now: 1695.
Total: 1.591700 ms (FindLiveObjects: 0.122000 ms CreateObjectMapping: 0.030900 ms MarkObjects: 1.395800 ms  DeleteObjects: 0.042100 ms)

========================================================================
Received Prepare
Registering precompiled user dll's ...
Registered in 0.000570 seconds.
Begin MonoManager ReloadAssembly
Native extension for WindowsStandalone target not found
Native extension for WebGL target not found
Refreshing native plugins compatible for Editor in 0.20 ms, found 0 plugins.
Preloading 0 native plugins for Editor in 0.00 ms.
Invoked RoslynAnalysisRunner static constructor.
RoslynAnalysisRunner will not be running.
RoslynAnalysisRunner has terminated.
Mono: successfully reloaded assembly
- Completed reload, in  0.724 seconds
Platform modules already initialized, skipping
Refreshing native plugins compatible for Editor in 0.32 ms, found 0 plugins.
Preloading 0 native plugins for Editor in 0.00 ms.
Unloading 1146 Unused Serialized files (Serialized files now loaded: 0)
System memory in use before: 61.6 MB.
System memory in use after: 61.7 MB.

Unloading 5 unused Assets to reduce memory usage. Loaded Objects now: 1698.
Total: 4.197400 ms (FindLiveObjects: 0.416700 ms CreateObjectMapping: 0.141100 ms MarkObjects: 3.530600 ms  DeleteObjects: 0.106200 ms)

AssetImportWorkerClient::OnTransportError - code=2 error=End of file
